[2023-11-08 10:23:23] laravel.EMERGENCY: Unable to create configured logger. Using emergency logger. {"exception":"[object] (Error(code: 0): Class \"Illuminate\\Support\\Collection\" not found at D:\\Admin Panels\\gcl\\vendor\\laravel\\framework\\src\\Illuminate\\Support\\helpers.php:109)
[stacktrace]
#0 D:\\Admin Panels\\gcl\\vendor\\laravel\\framework\\src\\Illuminate\\Log\\LogManager.php(240): collect(Array)
#1 D:\\Admin Panels\\gcl\\vendor\\laravel\\framework\\src\\Illuminate\\Log\\LogManager.php(202): Illuminate\\Log\\LogManager->createStackDriver(Array)
#2 D:\\Admin Panels\\gcl\\vendor\\laravel\\framework\\src\\Illuminate\\Log\\LogManager.php(118): Illuminate\\Log\\LogManager->resolve('stack')
#3 D:\\Admin Panels\\gcl\\vendor\\laravel\\framework\\src\\Illuminate\\Log\\LogManager.php(98): Illuminate\\Log\\LogManager->get('stack')
#4 D:\\Admin Panels\\gcl\\vendor\\laravel\\framework\\src\\Illuminate\\Log\\LogManager.php(543): Illuminate\\Log\\LogManager->driver()
#5 D:\\Admin Panels\\gcl\\vendor\\laravel\\framework\\src\\Illuminate\\Foundation\\Exceptions\\Handler.php(124): Illuminate\\Log\\LogManager->error('During inherita...', Array)
#6 D:\\Admin Panels\\gcl\\app\\Exceptions\\Handler.php(37): Illuminate\\Foundation\\Exceptions\\Handler->report(Object(Symfony\\Component\\Debug\\Exception\\FatalErrorException))
#7 D:\\Admin Panels\\gcl\\vendor\\laravel\\framework\\src\\Illuminate\\Foundation\\Bootstrap\\HandleExceptions.php(92): App\\Exceptions\\Handler->report(Object(Symfony\\Component\\Debug\\Exception\\FatalErrorException))
#8 D:\\Admin Panels\\gcl\\vendor\\laravel\\framework\\src\\Illuminate\\Foundation\\Bootstrap\\HandleExceptions.php(134): Illuminate\\Foundation\\Bootstrap\\HandleExceptions->handleException(Object(Symfony\\Component\\Debug\\Exception\\FatalErrorException))
#9 [internal function]: Illuminate\\Foundation\\Bootstrap\\HandleExceptions->handleShutdown()
#10 {main}
"} 
[2023-11-08 10:23:23] laravel.ERROR: During inheritance of ArrayAccess: Uncaught ErrorException: Return type of Illuminate\Support\Collection::offsetExists($key) should either be compatible with ArrayAccess::offsetExists(mixed $offset): bool, or the #[\ReturnTypeWillChange] attribute should be used to temporarily suppress the notice in D:\Admin Panels\gcl\vendor\laravel\framework\src\Illuminate\Support\Collection.php:1277
Stack trace:
#0 D:\Admin Panels\gcl\vendor\laravel\framework\src\Illuminate\Support\Collection.php(11): Illuminate\Foundation\Bootstrap\HandleExceptions->handleError(8192, 'Return type of ...', 'D:\\Admin Panels...', 1277)
#1 D:\Admin Panels\gcl\vendor\composer\ClassLoader.php(576): include('D:\\Admin Panels...')
#2 D:\Admin Panels\gcl\vendor\composer\ClassLoader.php(427): Composer\Autoload\{closure}('D:\\Admin Panels...')
#3 D:\Admin Panels\gcl\vendor\laravel\framework\src\Illuminate\Support\helpers.php(109): Composer\Autoload\ClassLoader->loadClass('Illuminate\\Supp...')
#4 D:\Admin Panels\gcl\vendor\laravel\framework\src\Illuminate\Foundation\PackageManifest.php(89): collect(Array)
#5 D:\Admin Panels\gcl\vendor\laravel\framework\src\Illuminate\Foundation\PackageManifest.php(78): Illuminate\Foundation\PackageManifest->config('aliases')
#6 D:\Admin Panels\gcl\vendor\laravel\framework\src\Illuminate\Foundation\Bootstrap\RegisterFacades.php(26): Illuminate\Foundation\PackageManifest->aliases()
#7 D:\Admin Panels\gcl\vendor\laravel\framework\src\Illuminate\Foundation\Application.php(219): Illuminate\Foundation\Bootstrap\RegisterFacades->bootstrap(Object(Illuminate\Foundation\Application))
#8 D:\Admin Panels\gcl\vendor\laravel\framework\src\Illuminate\Foundation\Console\Kernel.php(320): Illuminate\Foundation\Application->bootstrapWith(Array)
#9 D:\Admin Panels\gcl\vendor\laravel\framework\src\Illuminate\Foundation\Console\Kernel.php(129): Illuminate\Foundation\Console\Kernel->bootstrap()
#10 D:\Admin Panels\gcl\artisan(37): Illuminate\Foundation\Console\Kernel->handle(Object(Symfony\Component\Console\Input\ArgvInput), Object(Symfony\Component\Console\Output\ConsoleOutput))
#11 {main} {"exception":"[object] (Symfony\\Component\\Debug\\Exception\\FatalErrorException(code: 1): During inheritance of ArrayAccess: Uncaught ErrorException: Return type of Illuminate\\Support\\Collection::offsetExists($key) should either be compatible with ArrayAccess::offsetExists(mixed $offset): bool, or the #[\\ReturnTypeWillChange] attribute should be used to temporarily suppress the notice in D:\\Admin Panels\\gcl\\vendor\\laravel\\framework\\src\\Illuminate\\Support\\Collection.php:1277
Stack trace:
#0 D:\\Admin Panels\\gcl\\vendor\\laravel\\framework\\src\\Illuminate\\Support\\Collection.php(11): Illuminate\\Foundation\\Bootstrap\\HandleExceptions->handleError(8192, 'Return type of ...', 'D:\\\\Admin Panels...', 1277)
#1 D:\\Admin Panels\\gcl\\vendor\\composer\\ClassLoader.php(576): include('D:\\\\Admin Panels...')
#2 D:\\Admin Panels\\gcl\\vendor\\composer\\ClassLoader.php(427): Composer\\Autoload\\{closure}('D:\\\\Admin Panels...')
#3 D:\\Admin Panels\\gcl\\vendor\\laravel\\framework\\src\\Illuminate\\Support\\helpers.php(109): Composer\\Autoload\\ClassLoader->loadClass('Illuminate\\\\Supp...')
#4 D:\\Admin Panels\\gcl\\vendor\\laravel\\framework\\src\\Illuminate\\Foundation\\PackageManifest.php(89): collect(Array)
#5 D:\\Admin Panels\\gcl\\vendor\\laravel\\framework\\src\\Illuminate\\Foundation\\PackageManifest.php(78): Illuminate\\Foundation\\PackageManifest->config('aliases')
#6 D:\\Admin Panels\\gcl\\vendor\\laravel\\framework\\src\\Illuminate\\Foundation\\Bootstrap\\RegisterFacades.php(26): Illuminate\\Foundation\\PackageManifest->aliases()
#7 D:\\Admin Panels\\gcl\\vendor\\laravel\\framework\\src\\Illuminate\\Foundation\\Application.php(219): Illuminate\\Foundation\\Bootstrap\\RegisterFacades->bootstrap(Object(Illuminate\\Foundation\\Application))
#8 D:\\Admin Panels\\gcl\\vendor\\laravel\\framework\\src\\Illuminate\\Foundation\\Console\\Kernel.php(320): Illuminate\\Foundation\\Application->bootstrapWith(Array)
#9 D:\\Admin Panels\\gcl\\vendor\\laravel\\framework\\src\\Illuminate\\Foundation\\Console\\Kernel.php(129): Illuminate\\Foundation\\Console\\Kernel->bootstrap()
#10 D:\\Admin Panels\\gcl\\artisan(37): Illuminate\\Foundation\\Console\\Kernel->handle(Object(Symfony\\Component\\Console\\Input\\ArgvInput), Object(Symfony\\Component\\Console\\Output\\ConsoleOutput))
#11 {main} at D:\\Admin Panels\\gcl\\vendor\\laravel\\framework\\src\\Illuminate\\Support\\Collection.php:11)
[stacktrace]
#0 {main}
"} 
[2023-11-28 16:32:18] laravel.EMERGENCY: Unable to create configured logger. Using emergency logger. {"exception":"[object] (Error(code: 0): Class \"Illuminate\\Support\\Collection\" not found at D:\\Admin Panels\\gcl\\vendor\\laravel\\framework\\src\\Illuminate\\Support\\helpers.php:109)
[stacktrace]
#0 D:\\Admin Panels\\gcl\\vendor\\laravel\\framework\\src\\Illuminate\\Log\\LogManager.php(240): collect(Array)
#1 D:\\Admin Panels\\gcl\\vendor\\laravel\\framework\\src\\Illuminate\\Log\\LogManager.php(202): Illuminate\\Log\\LogManager->createStackDriver(Array)
#2 D:\\Admin Panels\\gcl\\vendor\\laravel\\framework\\src\\Illuminate\\Log\\LogManager.php(118): Illuminate\\Log\\LogManager->resolve('stack')
#3 D:\\Admin Panels\\gcl\\vendor\\laravel\\framework\\src\\Illuminate\\Log\\LogManager.php(98): Illuminate\\Log\\LogManager->get('stack')
#4 D:\\Admin Panels\\gcl\\vendor\\laravel\\framework\\src\\Illuminate\\Log\\LogManager.php(543): Illuminate\\Log\\LogManager->driver()
#5 D:\\Admin Panels\\gcl\\vendor\\laravel\\framework\\src\\Illuminate\\Foundation\\Exceptions\\Handler.php(124): Illuminate\\Log\\LogManager->error('During inherita...', Array)
#6 D:\\Admin Panels\\gcl\\app\\Exceptions\\Handler.php(37): Illuminate\\Foundation\\Exceptions\\Handler->report(Object(Symfony\\Component\\Debug\\Exception\\FatalErrorException))
#7 D:\\Admin Panels\\gcl\\vendor\\laravel\\framework\\src\\Illuminate\\Foundation\\Bootstrap\\HandleExceptions.php(92): App\\Exceptions\\Handler->report(Object(Symfony\\Component\\Debug\\Exception\\FatalErrorException))
#8 D:\\Admin Panels\\gcl\\vendor\\laravel\\framework\\src\\Illuminate\\Foundation\\Bootstrap\\HandleExceptions.php(134): Illuminate\\Foundation\\Bootstrap\\HandleExceptions->handleException(Object(Symfony\\Component\\Debug\\Exception\\FatalErrorException))
#9 [internal function]: Illuminate\\Foundation\\Bootstrap\\HandleExceptions->handleShutdown()
#10 {main}
"} 
[2023-11-28 16:32:18] laravel.ERROR: During inheritance of ArrayAccess: Uncaught ErrorException: Return type of Illuminate\Support\Collection::offsetExists($key) should either be compatible with ArrayAccess::offsetExists(mixed $offset): bool, or the #[\ReturnTypeWillChange] attribute should be used to temporarily suppress the notice in D:\Admin Panels\gcl\vendor\laravel\framework\src\Illuminate\Support\Collection.php:1277
Stack trace:
#0 D:\Admin Panels\gcl\vendor\laravel\framework\src\Illuminate\Support\Collection.php(11): Illuminate\Foundation\Bootstrap\HandleExceptions->handleError(8192, 'Return type of ...', 'D:\\Admin Panels...', 1277)
#1 D:\Admin Panels\gcl\vendor\composer\ClassLoader.php(576): include('D:\\Admin Panels...')
#2 D:\Admin Panels\gcl\vendor\composer\ClassLoader.php(427): Composer\Autoload\{closure}('D:\\Admin Panels...')
#3 D:\Admin Panels\gcl\vendor\laravel\framework\src\Illuminate\Support\helpers.php(109): Composer\Autoload\ClassLoader->loadClass('Illuminate\\Supp...')
#4 D:\Admin Panels\gcl\vendor\laravel\framework\src\Illuminate\Foundation\PackageManifest.php(89): collect(Array)
#5 D:\Admin Panels\gcl\vendor\laravel\framework\src\Illuminate\Foundation\PackageManifest.php(78): Illuminate\Foundation\PackageManifest->config('aliases')
#6 D:\Admin Panels\gcl\vendor\laravel\framework\src\Illuminate\Foundation\Bootstrap\RegisterFacades.php(26): Illuminate\Foundation\PackageManifest->aliases()
#7 D:\Admin Panels\gcl\vendor\laravel\framework\src\Illuminate\Foundation\Application.php(219): Illuminate\Foundation\Bootstrap\RegisterFacades->bootstrap(Object(Illuminate\Foundation\Application))
#8 D:\Admin Panels\gcl\vendor\laravel\framework\src\Illuminate\Foundation\Console\Kernel.php(320): Illuminate\Foundation\Application->bootstrapWith(Array)
#9 D:\Admin Panels\gcl\vendor\laravel\framework\src\Illuminate\Foundation\Console\Kernel.php(129): Illuminate\Foundation\Console\Kernel->bootstrap()
#10 D:\Admin Panels\gcl\artisan(37): Illuminate\Foundation\Console\Kernel->handle(Object(Symfony\Component\Console\Input\ArgvInput), Object(Symfony\Component\Console\Output\ConsoleOutput))
#11 {main} {"exception":"[object] (Symfony\\Component\\Debug\\Exception\\FatalErrorException(code: 1): During inheritance of ArrayAccess: Uncaught ErrorException: Return type of Illuminate\\Support\\Collection::offsetExists($key) should either be compatible with ArrayAccess::offsetExists(mixed $offset): bool, or the #[\\ReturnTypeWillChange] attribute should be used to temporarily suppress the notice in D:\\Admin Panels\\gcl\\vendor\\laravel\\framework\\src\\Illuminate\\Support\\Collection.php:1277
Stack trace:
#0 D:\\Admin Panels\\gcl\\vendor\\laravel\\framework\\src\\Illuminate\\Support\\Collection.php(11): Illuminate\\Foundation\\Bootstrap\\HandleExceptions->handleError(8192, 'Return type of ...', 'D:\\\\Admin Panels...', 1277)
#1 D:\\Admin Panels\\gcl\\vendor\\composer\\ClassLoader.php(576): include('D:\\\\Admin Panels...')
#2 D:\\Admin Panels\\gcl\\vendor\\composer\\ClassLoader.php(427): Composer\\Autoload\\{closure}('D:\\\\Admin Panels...')
#3 D:\\Admin Panels\\gcl\\vendor\\laravel\\framework\\src\\Illuminate\\Support\\helpers.php(109): Composer\\Autoload\\ClassLoader->loadClass('Illuminate\\\\Supp...')
#4 D:\\Admin Panels\\gcl\\vendor\\laravel\\framework\\src\\Illuminate\\Foundation\\PackageManifest.php(89): collect(Array)
#5 D:\\Admin Panels\\gcl\\vendor\\laravel\\framework\\src\\Illuminate\\Foundation\\PackageManifest.php(78): Illuminate\\Foundation\\PackageManifest->config('aliases')
#6 D:\\Admin Panels\\gcl\\vendor\\laravel\\framework\\src\\Illuminate\\Foundation\\Bootstrap\\RegisterFacades.php(26): Illuminate\\Foundation\\PackageManifest->aliases()
#7 D:\\Admin Panels\\gcl\\vendor\\laravel\\framework\\src\\Illuminate\\Foundation\\Application.php(219): Illuminate\\Foundation\\Bootstrap\\RegisterFacades->bootstrap(Object(Illuminate\\Foundation\\Application))
#8 D:\\Admin Panels\\gcl\\vendor\\laravel\\framework\\src\\Illuminate\\Foundation\\Console\\Kernel.php(320): Illuminate\\Foundation\\Application->bootstrapWith(Array)
#9 D:\\Admin Panels\\gcl\\vendor\\laravel\\framework\\src\\Illuminate\\Foundation\\Console\\Kernel.php(129): Illuminate\\Foundation\\Console\\Kernel->bootstrap()
#10 D:\\Admin Panels\\gcl\\artisan(37): Illuminate\\Foundation\\Console\\Kernel->handle(Object(Symfony\\Component\\Console\\Input\\ArgvInput), Object(Symfony\\Component\\Console\\Output\\ConsoleOutput))
#11 {main} at D:\\Admin Panels\\gcl\\vendor\\laravel\\framework\\src\\Illuminate\\Support\\Collection.php:11)
[stacktrace]
#0 {main}
"} 
[2023-12-11 08:32:16] laravel.EMERGENCY: Unable to create configured logger. Using emergency logger. {"exception":"[object] (Error(code: 0): Class \"Illuminate\\Support\\Collection\" not found at D:\\Admin Panels\\gcl\\vendor\\laravel\\framework\\src\\Illuminate\\Support\\helpers.php:109)
[stacktrace]
#0 D:\\Admin Panels\\gcl\\vendor\\laravel\\framework\\src\\Illuminate\\Log\\LogManager.php(240): collect(Array)
#1 D:\\Admin Panels\\gcl\\vendor\\laravel\\framework\\src\\Illuminate\\Log\\LogManager.php(202): Illuminate\\Log\\LogManager->createStackDriver(Array)
#2 D:\\Admin Panels\\gcl\\vendor\\laravel\\framework\\src\\Illuminate\\Log\\LogManager.php(118): Illuminate\\Log\\LogManager->resolve('stack')
#3 D:\\Admin Panels\\gcl\\vendor\\laravel\\framework\\src\\Illuminate\\Log\\LogManager.php(98): Illuminate\\Log\\LogManager->get('stack')
#4 D:\\Admin Panels\\gcl\\vendor\\laravel\\framework\\src\\Illuminate\\Log\\LogManager.php(543): Illuminate\\Log\\LogManager->driver()
#5 D:\\Admin Panels\\gcl\\vendor\\laravel\\framework\\src\\Illuminate\\Foundation\\Exceptions\\Handler.php(124): Illuminate\\Log\\LogManager->error('During inherita...', Array)
#6 D:\\Admin Panels\\gcl\\app\\Exceptions\\Handler.php(37): Illuminate\\Foundation\\Exceptions\\Handler->report(Object(Symfony\\Component\\Debug\\Exception\\FatalErrorException))
#7 D:\\Admin Panels\\gcl\\vendor\\laravel\\framework\\src\\Illuminate\\Foundation\\Bootstrap\\HandleExceptions.php(92): App\\Exceptions\\Handler->report(Object(Symfony\\Component\\Debug\\Exception\\FatalErrorException))
#8 D:\\Admin Panels\\gcl\\vendor\\laravel\\framework\\src\\Illuminate\\Foundation\\Bootstrap\\HandleExceptions.php(134): Illuminate\\Foundation\\Bootstrap\\HandleExceptions->handleException(Object(Symfony\\Component\\Debug\\Exception\\FatalErrorException))
#9 [internal function]: Illuminate\\Foundation\\Bootstrap\\HandleExceptions->handleShutdown()
#10 {main}
"} 
[2023-12-11 08:32:16] laravel.ERROR: During inheritance of ArrayAccess: Uncaught ErrorException: Return type of Illuminate\Support\Collection::offsetExists($key) should either be compatible with ArrayAccess::offsetExists(mixed $offset): bool, or the #[\ReturnTypeWillChange] attribute should be used to temporarily suppress the notice in D:\Admin Panels\gcl\vendor\laravel\framework\src\Illuminate\Support\Collection.php:1277
Stack trace:
#0 D:\Admin Panels\gcl\vendor\laravel\framework\src\Illuminate\Support\Collection.php(11): Illuminate\Foundation\Bootstrap\HandleExceptions->handleError(8192, 'Return type of ...', 'D:\\Admin Panels...', 1277)
#1 D:\Admin Panels\gcl\vendor\composer\ClassLoader.php(576): include('D:\\Admin Panels...')
#2 D:\Admin Panels\gcl\vendor\composer\ClassLoader.php(427): Composer\Autoload\{closure}('D:\\Admin Panels...')
#3 D:\Admin Panels\gcl\vendor\laravel\framework\src\Illuminate\Support\helpers.php(109): Composer\Autoload\ClassLoader->loadClass('Illuminate\\Supp...')
#4 D:\Admin Panels\gcl\vendor\laravel\framework\src\Illuminate\Foundation\PackageManifest.php(89): collect(Array)
#5 D:\Admin Panels\gcl\vendor\laravel\framework\src\Illuminate\Foundation\PackageManifest.php(78): Illuminate\Foundation\PackageManifest->config('aliases')
#6 D:\Admin Panels\gcl\vendor\laravel\framework\src\Illuminate\Foundation\Bootstrap\RegisterFacades.php(26): Illuminate\Foundation\PackageManifest->aliases()
#7 D:\Admin Panels\gcl\vendor\laravel\framework\src\Illuminate\Foundation\Application.php(219): Illuminate\Foundation\Bootstrap\RegisterFacades->bootstrap(Object(Illuminate\Foundation\Application))
#8 D:\Admin Panels\gcl\vendor\laravel\framework\src\Illuminate\Foundation\Console\Kernel.php(320): Illuminate\Foundation\Application->bootstrapWith(Array)
#9 D:\Admin Panels\gcl\vendor\laravel\framework\src\Illuminate\Foundation\Console\Kernel.php(129): Illuminate\Foundation\Console\Kernel->bootstrap()
#10 D:\Admin Panels\gcl\artisan(37): Illuminate\Foundation\Console\Kernel->handle(Object(Symfony\Component\Console\Input\ArgvInput), Object(Symfony\Component\Console\Output\ConsoleOutput))
#11 {main} {"exception":"[object] (Symfony\\Component\\Debug\\Exception\\FatalErrorException(code: 1): During inheritance of ArrayAccess: Uncaught ErrorException: Return type of Illuminate\\Support\\Collection::offsetExists($key) should either be compatible with ArrayAccess::offsetExists(mixed $offset): bool, or the #[\\ReturnTypeWillChange] attribute should be used to temporarily suppress the notice in D:\\Admin Panels\\gcl\\vendor\\laravel\\framework\\src\\Illuminate\\Support\\Collection.php:1277
Stack trace:
#0 D:\\Admin Panels\\gcl\\vendor\\laravel\\framework\\src\\Illuminate\\Support\\Collection.php(11): Illuminate\\Foundation\\Bootstrap\\HandleExceptions->handleError(8192, 'Return type of ...', 'D:\\\\Admin Panels...', 1277)
#1 D:\\Admin Panels\\gcl\\vendor\\composer\\ClassLoader.php(576): include('D:\\\\Admin Panels...')
#2 D:\\Admin Panels\\gcl\\vendor\\composer\\ClassLoader.php(427): Composer\\Autoload\\{closure}('D:\\\\Admin Panels...')
#3 D:\\Admin Panels\\gcl\\vendor\\laravel\\framework\\src\\Illuminate\\Support\\helpers.php(109): Composer\\Autoload\\ClassLoader->loadClass('Illuminate\\\\Supp...')
#4 D:\\Admin Panels\\gcl\\vendor\\laravel\\framework\\src\\Illuminate\\Foundation\\PackageManifest.php(89): collect(Array)
#5 D:\\Admin Panels\\gcl\\vendor\\laravel\\framework\\src\\Illuminate\\Foundation\\PackageManifest.php(78): Illuminate\\Foundation\\PackageManifest->config('aliases')
#6 D:\\Admin Panels\\gcl\\vendor\\laravel\\framework\\src\\Illuminate\\Foundation\\Bootstrap\\RegisterFacades.php(26): Illuminate\\Foundation\\PackageManifest->aliases()
#7 D:\\Admin Panels\\gcl\\vendor\\laravel\\framework\\src\\Illuminate\\Foundation\\Application.php(219): Illuminate\\Foundation\\Bootstrap\\RegisterFacades->bootstrap(Object(Illuminate\\Foundation\\Application))
#8 D:\\Admin Panels\\gcl\\vendor\\laravel\\framework\\src\\Illuminate\\Foundation\\Console\\Kernel.php(320): Illuminate\\Foundation\\Application->bootstrapWith(Array)
#9 D:\\Admin Panels\\gcl\\vendor\\laravel\\framework\\src\\Illuminate\\Foundation\\Console\\Kernel.php(129): Illuminate\\Foundation\\Console\\Kernel->bootstrap()
#10 D:\\Admin Panels\\gcl\\artisan(37): Illuminate\\Foundation\\Console\\Kernel->handle(Object(Symfony\\Component\\Console\\Input\\ArgvInput), Object(Symfony\\Component\\Console\\Output\\ConsoleOutput))
#11 {main} at D:\\Admin Panels\\gcl\\vendor\\laravel\\framework\\src\\Illuminate\\Support\\Collection.php:11)
[stacktrace]
#0 {main}
"} 
[2024-02-09 15:31:29] laravel.EMERGENCY: Unable to create configured logger. Using emergency logger. {"exception":"[object] (Error(code: 0): Class \"Illuminate\\Support\\Collection\" not found at D:\\Admin Panels\\gcl\\vendor\\laravel\\framework\\src\\Illuminate\\Support\\helpers.php:109)
[stacktrace]
#0 D:\\Admin Panels\\gcl\\vendor\\laravel\\framework\\src\\Illuminate\\Log\\LogManager.php(240): collect(Array)
#1 D:\\Admin Panels\\gcl\\vendor\\laravel\\framework\\src\\Illuminate\\Log\\LogManager.php(202): Illuminate\\Log\\LogManager->createStackDriver(Array)
#2 D:\\Admin Panels\\gcl\\vendor\\laravel\\framework\\src\\Illuminate\\Log\\LogManager.php(118): Illuminate\\Log\\LogManager->resolve('stack')
#3 D:\\Admin Panels\\gcl\\vendor\\laravel\\framework\\src\\Illuminate\\Log\\LogManager.php(98): Illuminate\\Log\\LogManager->get('stack')
#4 D:\\Admin Panels\\gcl\\vendor\\laravel\\framework\\src\\Illuminate\\Log\\LogManager.php(543): Illuminate\\Log\\LogManager->driver()
#5 D:\\Admin Panels\\gcl\\vendor\\laravel\\framework\\src\\Illuminate\\Foundation\\Exceptions\\Handler.php(124): Illuminate\\Log\\LogManager->error('During inherita...', Array)
#6 D:\\Admin Panels\\gcl\\app\\Exceptions\\Handler.php(37): Illuminate\\Foundation\\Exceptions\\Handler->report(Object(Symfony\\Component\\Debug\\Exception\\FatalErrorException))
#7 D:\\Admin Panels\\gcl\\vendor\\laravel\\framework\\src\\Illuminate\\Foundation\\Bootstrap\\HandleExceptions.php(92): App\\Exceptions\\Handler->report(Object(Symfony\\Component\\Debug\\Exception\\FatalErrorException))
#8 D:\\Admin Panels\\gcl\\vendor\\laravel\\framework\\src\\Illuminate\\Foundation\\Bootstrap\\HandleExceptions.php(134): Illuminate\\Foundation\\Bootstrap\\HandleExceptions->handleException(Object(Symfony\\Component\\Debug\\Exception\\FatalErrorException))
#9 [internal function]: Illuminate\\Foundation\\Bootstrap\\HandleExceptions->handleShutdown()
#10 {main}
"} 
[2024-02-09 15:31:29] laravel.ERROR: During inheritance of ArrayAccess: Uncaught ErrorException: Return type of Illuminate\Support\Collection::offsetExists($key) should either be compatible with ArrayAccess::offsetExists(mixed $offset): bool, or the #[\ReturnTypeWillChange] attribute should be used to temporarily suppress the notice in D:\Admin Panels\gcl\vendor\laravel\framework\src\Illuminate\Support\Collection.php:1277
Stack trace:
#0 D:\Admin Panels\gcl\vendor\laravel\framework\src\Illuminate\Support\Collection.php(11): Illuminate\Foundation\Bootstrap\HandleExceptions->handleError(8192, 'Return type of ...', 'D:\\Admin Panels...', 1277)
#1 D:\Admin Panels\gcl\vendor\composer\ClassLoader.php(576): include('D:\\Admin Panels...')
#2 D:\Admin Panels\gcl\vendor\composer\ClassLoader.php(427): Composer\Autoload\{closure}('D:\\Admin Panels...')
#3 D:\Admin Panels\gcl\vendor\laravel\framework\src\Illuminate\Support\helpers.php(109): Composer\Autoload\ClassLoader->loadClass('Illuminate\\Supp...')
#4 D:\Admin Panels\gcl\vendor\laravel\framework\src\Illuminate\Foundation\PackageManifest.php(89): collect(Array)
#5 D:\Admin Panels\gcl\vendor\laravel\framework\src\Illuminate\Foundation\PackageManifest.php(78): Illuminate\Foundation\PackageManifest->config('aliases')
#6 D:\Admin Panels\gcl\vendor\laravel\framework\src\Illuminate\Foundation\Bootstrap\RegisterFacades.php(26): Illuminate\Foundation\PackageManifest->aliases()
#7 D:\Admin Panels\gcl\vendor\laravel\framework\src\Illuminate\Foundation\Application.php(219): Illuminate\Foundation\Bootstrap\RegisterFacades->bootstrap(Object(Illuminate\Foundation\Application))
#8 D:\Admin Panels\gcl\vendor\laravel\framework\src\Illuminate\Foundation\Console\Kernel.php(320): Illuminate\Foundation\Application->bootstrapWith(Array)
#9 D:\Admin Panels\gcl\vendor\laravel\framework\src\Illuminate\Foundation\Console\Kernel.php(129): Illuminate\Foundation\Console\Kernel->bootstrap()
#10 D:\Admin Panels\gcl\artisan(37): Illuminate\Foundation\Console\Kernel->handle(Object(Symfony\Component\Console\Input\ArgvInput), Object(Symfony\Component\Console\Output\ConsoleOutput))
#11 {main} {"exception":"[object] (Symfony\\Component\\Debug\\Exception\\FatalErrorException(code: 1): During inheritance of ArrayAccess: Uncaught ErrorException: Return type of Illuminate\\Support\\Collection::offsetExists($key) should either be compatible with ArrayAccess::offsetExists(mixed $offset): bool, or the #[\\ReturnTypeWillChange] attribute should be used to temporarily suppress the notice in D:\\Admin Panels\\gcl\\vendor\\laravel\\framework\\src\\Illuminate\\Support\\Collection.php:1277
Stack trace:
#0 D:\\Admin Panels\\gcl\\vendor\\laravel\\framework\\src\\Illuminate\\Support\\Collection.php(11): Illuminate\\Foundation\\Bootstrap\\HandleExceptions->handleError(8192, 'Return type of ...', 'D:\\\\Admin Panels...', 1277)
#1 D:\\Admin Panels\\gcl\\vendor\\composer\\ClassLoader.php(576): include('D:\\\\Admin Panels...')
#2 D:\\Admin Panels\\gcl\\vendor\\composer\\ClassLoader.php(427): Composer\\Autoload\\{closure}('D:\\\\Admin Panels...')
#3 D:\\Admin Panels\\gcl\\vendor\\laravel\\framework\\src\\Illuminate\\Support\\helpers.php(109): Composer\\Autoload\\ClassLoader->loadClass('Illuminate\\\\Supp...')
#4 D:\\Admin Panels\\gcl\\vendor\\laravel\\framework\\src\\Illuminate\\Foundation\\PackageManifest.php(89): collect(Array)
#5 D:\\Admin Panels\\gcl\\vendor\\laravel\\framework\\src\\Illuminate\\Foundation\\PackageManifest.php(78): Illuminate\\Foundation\\PackageManifest->config('aliases')
#6 D:\\Admin Panels\\gcl\\vendor\\laravel\\framework\\src\\Illuminate\\Foundation\\Bootstrap\\RegisterFacades.php(26): Illuminate\\Foundation\\PackageManifest->aliases()
#7 D:\\Admin Panels\\gcl\\vendor\\laravel\\framework\\src\\Illuminate\\Foundation\\Application.php(219): Illuminate\\Foundation\\Bootstrap\\RegisterFacades->bootstrap(Object(Illuminate\\Foundation\\Application))
#8 D:\\Admin Panels\\gcl\\vendor\\laravel\\framework\\src\\Illuminate\\Foundation\\Console\\Kernel.php(320): Illuminate\\Foundation\\Application->bootstrapWith(Array)
#9 D:\\Admin Panels\\gcl\\vendor\\laravel\\framework\\src\\Illuminate\\Foundation\\Console\\Kernel.php(129): Illuminate\\Foundation\\Console\\Kernel->bootstrap()
#10 D:\\Admin Panels\\gcl\\artisan(37): Illuminate\\Foundation\\Console\\Kernel->handle(Object(Symfony\\Component\\Console\\Input\\ArgvInput), Object(Symfony\\Component\\Console\\Output\\ConsoleOutput))
#11 {main} at D:\\Admin Panels\\gcl\\vendor\\laravel\\framework\\src\\Illuminate\\Support\\Collection.php:11)
[stacktrace]
#0 {main}
"} 
[2024-03-30 15:15:24] laravel.EMERGENCY: Unable to create configured logger. Using emergency logger. {"exception":"[object] (Error(code: 0): Class \"Illuminate\\Support\\Collection\" not found at E:\\Codespace\\devapp.shipflow.co.uk\\vendor\\laravel\\framework\\src\\Illuminate\\Support\\helpers.php:109)
[stacktrace]
#0 E:\\Codespace\\devapp.shipflow.co.uk\\vendor\\laravel\\framework\\src\\Illuminate\\Log\\LogManager.php(240): collect(Array)
#1 E:\\Codespace\\devapp.shipflow.co.uk\\vendor\\laravel\\framework\\src\\Illuminate\\Log\\LogManager.php(202): Illuminate\\Log\\LogManager->createStackDriver(Array)
#2 E:\\Codespace\\devapp.shipflow.co.uk\\vendor\\laravel\\framework\\src\\Illuminate\\Log\\LogManager.php(118): Illuminate\\Log\\LogManager->resolve('stack')
#3 E:\\Codespace\\devapp.shipflow.co.uk\\vendor\\laravel\\framework\\src\\Illuminate\\Log\\LogManager.php(98): Illuminate\\Log\\LogManager->get('stack')
#4 E:\\Codespace\\devapp.shipflow.co.uk\\vendor\\laravel\\framework\\src\\Illuminate\\Log\\LogManager.php(543): Illuminate\\Log\\LogManager->driver()
#5 E:\\Codespace\\devapp.shipflow.co.uk\\vendor\\laravel\\framework\\src\\Illuminate\\Foundation\\Exceptions\\Handler.php(119): Illuminate\\Log\\LogManager->error('During inherita...', Array)
#6 E:\\Codespace\\devapp.shipflow.co.uk\\app\\Exceptions\\Handler.php(37): Illuminate\\Foundation\\Exceptions\\Handler->report(Object(Symfony\\Component\\Debug\\Exception\\FatalErrorException))
#7 E:\\Codespace\\devapp.shipflow.co.uk\\vendor\\laravel\\framework\\src\\Illuminate\\Foundation\\Bootstrap\\HandleExceptions.php(92): App\\Exceptions\\Handler->report(Object(Symfony\\Component\\Debug\\Exception\\FatalErrorException))
#8 E:\\Codespace\\devapp.shipflow.co.uk\\vendor\\laravel\\framework\\src\\Illuminate\\Foundation\\Bootstrap\\HandleExceptions.php(134): Illuminate\\Foundation\\Bootstrap\\HandleExceptions->handleException(Object(Symfony\\Component\\Debug\\Exception\\FatalErrorException))
#9 [internal function]: Illuminate\\Foundation\\Bootstrap\\HandleExceptions->handleShutdown()
#10 {main}
"} 
[2024-03-30 15:15:24] laravel.ERROR: During inheritance of ArrayAccess: Uncaught ErrorException: Return type of Illuminate\Support\Collection::offsetExists($key) should either be compatible with ArrayAccess::offsetExists(mixed $offset): bool, or the #[\ReturnTypeWillChange] attribute should be used to temporarily suppress the notice in E:\Codespace\devapp.shipflow.co.uk\vendor\laravel\framework\src\Illuminate\Support\Collection.php:1277
Stack trace:
#0 E:\Codespace\devapp.shipflow.co.uk\vendor\laravel\framework\src\Illuminate\Support\Collection.php(11): Illuminate\Foundation\Bootstrap\HandleExceptions->handleError(8192, 'Return type of ...', 'E:\\Codespace\\de...', 1277)
#1 E:\Codespace\devapp.shipflow.co.uk\vendor\composer\ClassLoader.php(576): include('E:\\Codespace\\de...')
#2 E:\Codespace\devapp.shipflow.co.uk\vendor\composer\ClassLoader.php(427): Composer\Autoload\{closure}('E:\\Codespace\\de...')
#3 E:\Codespace\devapp.shipflow.co.uk\vendor\laravel\framework\src\Illuminate\Support\helpers.php(109): Composer\Autoload\ClassLoader->loadClass('Illuminate\\Supp...')
#4 E:\Codespace\devapp.shipflow.co.uk\vendor\laravel\framework\src\Illuminate\Foundation\PackageManifest.php(130): collect(Array)
#5 E:\Codespace\devapp.shipflow.co.uk\vendor\laravel\framework\src\Illuminate\Foundation\PackageManifest.php(106): Illuminate\Foundation\PackageManifest->build()
#6 E:\Codespace\devapp.shipflow.co.uk\vendor\laravel\framework\src\Illuminate\Foundation\PackageManifest.php(89): Illuminate\Foundation\PackageManifest->getManifest()
#7 E:\Codespace\devapp.shipflow.co.uk\vendor\laravel\framework\src\Illuminate\Foundation\PackageManifest.php(78): Illuminate\Foundation\PackageManifest->config('aliases')
#8 E:\Codespace\devapp.shipflow.co.uk\vendor\laravel\framework\src\Illuminate\Foundation\Bootstrap\RegisterFacades.php(26): Illuminate\Foundation\PackageManifest->aliases()
#9 E:\Codespace\devapp.shipflow.co.uk\vendor\laravel\framework\src\Illuminate\Foundation\Application.php(219): Illuminate\Foundation\Bootstrap\RegisterFacades->bootstrap(Object(Illuminate\Foundation\Application))
#10 E:\Codespace\devapp.shipflow.co.uk\vendor\laravel\framework\src\Illuminate\Foundation\Console\Kernel.php(320): Illuminate\Foundation\Application->bootstrapWith(Array)
#11 E:\Codespace\devapp.shipflow.co.uk\vendor\laravel\framework\src\Illuminate\Foundation\Console\Kernel.php(129): Illuminate\Foundation\Console\Kernel->bootstrap()
#12 E:\Codespace\devapp.shipflow.co.uk\artisan(35): Illuminate\Foundation\Console\Kernel->handle(Object(Symfony\Component\Console\Input\ArgvInput), Object(Symfony\Component\Console\Output\ConsoleOutput))
#13 {main} {"exception":"[object] (Symfony\\Component\\Debug\\Exception\\FatalErrorException(code: 1): During inheritance of ArrayAccess: Uncaught ErrorException: Return type of Illuminate\\Support\\Collection::offsetExists($key) should either be compatible with ArrayAccess::offsetExists(mixed $offset): bool, or the #[\\ReturnTypeWillChange] attribute should be used to temporarily suppress the notice in E:\\Codespace\\devapp.shipflow.co.uk\\vendor\\laravel\\framework\\src\\Illuminate\\Support\\Collection.php:1277
Stack trace:
#0 E:\\Codespace\\devapp.shipflow.co.uk\\vendor\\laravel\\framework\\src\\Illuminate\\Support\\Collection.php(11): Illuminate\\Foundation\\Bootstrap\\HandleExceptions->handleError(8192, 'Return type of ...', 'E:\\\\Codespace\\\\de...', 1277)
#1 E:\\Codespace\\devapp.shipflow.co.uk\\vendor\\composer\\ClassLoader.php(576): include('E:\\\\Codespace\\\\de...')
#2 E:\\Codespace\\devapp.shipflow.co.uk\\vendor\\composer\\ClassLoader.php(427): Composer\\Autoload\\{closure}('E:\\\\Codespace\\\\de...')
#3 E:\\Codespace\\devapp.shipflow.co.uk\\vendor\\laravel\\framework\\src\\Illuminate\\Support\\helpers.php(109): Composer\\Autoload\\ClassLoader->loadClass('Illuminate\\\\Supp...')
#4 E:\\Codespace\\devapp.shipflow.co.uk\\vendor\\laravel\\framework\\src\\Illuminate\\Foundation\\PackageManifest.php(130): collect(Array)
#5 E:\\Codespace\\devapp.shipflow.co.uk\\vendor\\laravel\\framework\\src\\Illuminate\\Foundation\\PackageManifest.php(106): Illuminate\\Foundation\\PackageManifest->build()
#6 E:\\Codespace\\devapp.shipflow.co.uk\\vendor\\laravel\\framework\\src\\Illuminate\\Foundation\\PackageManifest.php(89): Illuminate\\Foundation\\PackageManifest->getManifest()
#7 E:\\Codespace\\devapp.shipflow.co.uk\\vendor\\laravel\\framework\\src\\Illuminate\\Foundation\\PackageManifest.php(78): Illuminate\\Foundation\\PackageManifest->config('aliases')
#8 E:\\Codespace\\devapp.shipflow.co.uk\\vendor\\laravel\\framework\\src\\Illuminate\\Foundation\\Bootstrap\\RegisterFacades.php(26): Illuminate\\Foundation\\PackageManifest->aliases()
#9 E:\\Codespace\\devapp.shipflow.co.uk\\vendor\\laravel\\framework\\src\\Illuminate\\Foundation\\Application.php(219): Illuminate\\Foundation\\Bootstrap\\RegisterFacades->bootstrap(Object(Illuminate\\Foundation\\Application))
#10 E:\\Codespace\\devapp.shipflow.co.uk\\vendor\\laravel\\framework\\src\\Illuminate\\Foundation\\Console\\Kernel.php(320): Illuminate\\Foundation\\Application->bootstrapWith(Array)
#11 E:\\Codespace\\devapp.shipflow.co.uk\\vendor\\laravel\\framework\\src\\Illuminate\\Foundation\\Console\\Kernel.php(129): Illuminate\\Foundation\\Console\\Kernel->bootstrap()
#12 E:\\Codespace\\devapp.shipflow.co.uk\\artisan(35): Illuminate\\Foundation\\Console\\Kernel->handle(Object(Symfony\\Component\\Console\\Input\\ArgvInput), Object(Symfony\\Component\\Console\\Output\\ConsoleOutput))
#13 {main} at E:\\Codespace\\devapp.shipflow.co.uk\\vendor\\laravel\\framework\\src\\Illuminate\\Support\\Collection.php:11)
[stacktrace]
#0 E:\\Codespace\\devapp.shipflow.co.uk\\vendor\\laravel\\framework\\src\\Illuminate\\Foundation\\Bootstrap\\HandleExceptions.php(147): Symfony\\Component\\Debug\\Exception\\FatalErrorException->__construct(message: ''During inherit...', code: '1', severity: '0', filename: ''E:\\\\\\\\Codespace\\\\...', lineno: '11', traceOffset: '0', traceArgs: '???', trace: '???', previous: '???')
#1 E:\\Codespace\\devapp.shipflow.co.uk\\vendor\\laravel\\framework\\src\\Illuminate\\Foundation\\Bootstrap\\HandleExceptions.php(134): Illuminate\\Foundation\\Bootstrap\\HandleExceptions->fatalExceptionFromError(error: '['type' => 1, '...', traceOffset: '0')
#2 E:\\Codespace\\devapp.shipflow.co.uk\\vendor\\laravel\\framework\\src\\Illuminate\\Foundation\\Bootstrap\\HandleExceptions.php(0): Illuminate\\Foundation\\Bootstrap\\HandleExceptions->handleShutdown()
#3 E:\\Codespace\\devapp.shipflow.co.uk\\vendor\\composer\\ClassLoader.php(576): ()
#4 E:\\Codespace\\devapp.shipflow.co.uk\\vendor\\composer\\ClassLoader.php(427): Composer\\Autoload\\{closure:E:\\Codespace\\devapp.shipflow.co.uk\\vendor\\composer\\ClassLoader.php:575-577}(file: ''E:\\\\\\\\Codespace\\\\...')
#5 E:\\Codespace\\devapp.shipflow.co.uk\\vendor\\laravel\\framework\\src\\Illuminate\\Support\\helpers.php(109): Composer\\Autoload\\ClassLoader->loadClass(class: ''Illuminate\\\\\\\\Su...')
#6 E:\\Codespace\\devapp.shipflow.co.uk\\vendor\\laravel\\framework\\src\\Illuminate\\Foundation\\PackageManifest.php(130): collect(value: '[0 => ['name' =...')
#7 E:\\Codespace\\devapp.shipflow.co.uk\\vendor\\laravel\\framework\\src\\Illuminate\\Foundation\\PackageManifest.php(106): Illuminate\\Foundation\\PackageManifest->build()
#8 E:\\Codespace\\devapp.shipflow.co.uk\\vendor\\laravel\\framework\\src\\Illuminate\\Foundation\\PackageManifest.php(89): Illuminate\\Foundation\\PackageManifest->getManifest()
#9 E:\\Codespace\\devapp.shipflow.co.uk\\vendor\\laravel\\framework\\src\\Illuminate\\Foundation\\PackageManifest.php(78): Illuminate\\Foundation\\PackageManifest->config(key: ''aliases'')
#10 E:\\Codespace\\devapp.shipflow.co.uk\\vendor\\laravel\\framework\\src\\Illuminate\\Foundation\\Bootstrap\\RegisterFacades.php(26): Illuminate\\Foundation\\PackageManifest->aliases()
#11 E:\\Codespace\\devapp.shipflow.co.uk\\vendor\\laravel\\framework\\src\\Illuminate\\Foundation\\Application.php(219): Illuminate\\Foundation\\Bootstrap\\RegisterFacades->bootstrap(app: 'class Illuminat...')
#12 E:\\Codespace\\devapp.shipflow.co.uk\\vendor\\laravel\\framework\\src\\Illuminate\\Foundation\\Console\\Kernel.php(320): Illuminate\\Foundation\\Application->bootstrapWith(bootstrappers: '[0 => 'Illumina...')
#13 E:\\Codespace\\devapp.shipflow.co.uk\\vendor\\laravel\\framework\\src\\Illuminate\\Foundation\\Console\\Kernel.php(129): App\\Console\\Kernel->bootstrap()
#14 E:\\Codespace\\devapp.shipflow.co.uk\\artisan(35): App\\Console\\Kernel->handle(input: 'class Symfony\\\\C...', output: 'class Symfony\\\\C...')
#15 E:\\Codespace\\devapp.shipflow.co.uk\\artisan(0): {main}()
#16 {main}
"} 
[2024-03-30 15:21:28] laravel.EMERGENCY: Unable to create configured logger. Using emergency logger. {"exception":"[object] (Error(code: 0): Class \"Illuminate\\Support\\Collection\" not found at E:\\Codespace\\devapp.shipflow.co.uk\\vendor\\laravel\\framework\\src\\Illuminate\\Support\\helpers.php:109)
[stacktrace]
#0 E:\\Codespace\\devapp.shipflow.co.uk\\vendor\\laravel\\framework\\src\\Illuminate\\Log\\LogManager.php(240): collect(Array)
#1 E:\\Codespace\\devapp.shipflow.co.uk\\vendor\\laravel\\framework\\src\\Illuminate\\Log\\LogManager.php(202): Illuminate\\Log\\LogManager->createStackDriver(Array)
#2 E:\\Codespace\\devapp.shipflow.co.uk\\vendor\\laravel\\framework\\src\\Illuminate\\Log\\LogManager.php(118): Illuminate\\Log\\LogManager->resolve('stack')
#3 E:\\Codespace\\devapp.shipflow.co.uk\\vendor\\laravel\\framework\\src\\Illuminate\\Log\\LogManager.php(98): Illuminate\\Log\\LogManager->get('stack')
#4 E:\\Codespace\\devapp.shipflow.co.uk\\vendor\\laravel\\framework\\src\\Illuminate\\Log\\LogManager.php(543): Illuminate\\Log\\LogManager->driver()
#5 E:\\Codespace\\devapp.shipflow.co.uk\\vendor\\laravel\\framework\\src\\Illuminate\\Foundation\\Exceptions\\Handler.php(119): Illuminate\\Log\\LogManager->error('During inherita...', Array)
#6 E:\\Codespace\\devapp.shipflow.co.uk\\app\\Exceptions\\Handler.php(37): Illuminate\\Foundation\\Exceptions\\Handler->report(Object(Symfony\\Component\\Debug\\Exception\\FatalErrorException))
#7 E:\\Codespace\\devapp.shipflow.co.uk\\vendor\\laravel\\framework\\src\\Illuminate\\Foundation\\Bootstrap\\HandleExceptions.php(92): App\\Exceptions\\Handler->report(Object(Symfony\\Component\\Debug\\Exception\\FatalErrorException))
#8 E:\\Codespace\\devapp.shipflow.co.uk\\vendor\\laravel\\framework\\src\\Illuminate\\Foundation\\Bootstrap\\HandleExceptions.php(134): Illuminate\\Foundation\\Bootstrap\\HandleExceptions->handleException(Object(Symfony\\Component\\Debug\\Exception\\FatalErrorException))
#9 [internal function]: Illuminate\\Foundation\\Bootstrap\\HandleExceptions->handleShutdown()
#10 {main}
"} 
[2024-03-30 15:21:28] laravel.ERROR: During inheritance of ArrayAccess: Uncaught ErrorException: Return type of Illuminate\Support\Collection::offsetExists($key) should either be compatible with ArrayAccess::offsetExists(mixed $offset): bool, or the #[\ReturnTypeWillChange] attribute should be used to temporarily suppress the notice in E:\Codespace\devapp.shipflow.co.uk\vendor\laravel\framework\src\Illuminate\Support\Collection.php:1277
Stack trace:
#0 E:\Codespace\devapp.shipflow.co.uk\vendor\laravel\framework\src\Illuminate\Support\Collection.php(11): Illuminate\Foundation\Bootstrap\HandleExceptions->handleError(8192, 'Return type of ...', 'E:\\Codespace\\de...', 1277)
#1 E:\Codespace\devapp.shipflow.co.uk\vendor\composer\ClassLoader.php(576): include('E:\\Codespace\\de...')
#2 E:\Codespace\devapp.shipflow.co.uk\vendor\composer\ClassLoader.php(427): Composer\Autoload\{closure}('E:\\Codespace\\de...')
#3 E:\Codespace\devapp.shipflow.co.uk\vendor\laravel\framework\src\Illuminate\Support\helpers.php(109): Composer\Autoload\ClassLoader->loadClass('Illuminate\\Supp...')
#4 E:\Codespace\devapp.shipflow.co.uk\vendor\laravel\framework\src\Illuminate\Foundation\PackageManifest.php(130): collect(Array)
#5 E:\Codespace\devapp.shipflow.co.uk\vendor\laravel\framework\src\Illuminate\Foundation\PackageManifest.php(106): Illuminate\Foundation\PackageManifest->build()
#6 E:\Codespace\devapp.shipflow.co.uk\vendor\laravel\framework\src\Illuminate\Foundation\PackageManifest.php(89): Illuminate\Foundation\PackageManifest->getManifest()
#7 E:\Codespace\devapp.shipflow.co.uk\vendor\laravel\framework\src\Illuminate\Foundation\PackageManifest.php(78): Illuminate\Foundation\PackageManifest->config('aliases')
#8 E:\Codespace\devapp.shipflow.co.uk\vendor\laravel\framework\src\Illuminate\Foundation\Bootstrap\RegisterFacades.php(26): Illuminate\Foundation\PackageManifest->aliases()
#9 E:\Codespace\devapp.shipflow.co.uk\vendor\laravel\framework\src\Illuminate\Foundation\Application.php(219): Illuminate\Foundation\Bootstrap\RegisterFacades->bootstrap(Object(Illuminate\Foundation\Application))
#10 E:\Codespace\devapp.shipflow.co.uk\vendor\laravel\framework\src\Illuminate\Foundation\Console\Kernel.php(320): Illuminate\Foundation\Application->bootstrapWith(Array)
#11 E:\Codespace\devapp.shipflow.co.uk\vendor\laravel\framework\src\Illuminate\Foundation\Console\Kernel.php(129): Illuminate\Foundation\Console\Kernel->bootstrap()
#12 E:\Codespace\devapp.shipflow.co.uk\artisan(35): Illuminate\Foundation\Console\Kernel->handle(Object(Symfony\Component\Console\Input\ArgvInput), Object(Symfony\Component\Console\Output\ConsoleOutput))
#13 {main} {"exception":"[object] (Symfony\\Component\\Debug\\Exception\\FatalErrorException(code: 1): During inheritance of ArrayAccess: Uncaught ErrorException: Return type of Illuminate\\Support\\Collection::offsetExists($key) should either be compatible with ArrayAccess::offsetExists(mixed $offset): bool, or the #[\\ReturnTypeWillChange] attribute should be used to temporarily suppress the notice in E:\\Codespace\\devapp.shipflow.co.uk\\vendor\\laravel\\framework\\src\\Illuminate\\Support\\Collection.php:1277
Stack trace:
#0 E:\\Codespace\\devapp.shipflow.co.uk\\vendor\\laravel\\framework\\src\\Illuminate\\Support\\Collection.php(11): Illuminate\\Foundation\\Bootstrap\\HandleExceptions->handleError(8192, 'Return type of ...', 'E:\\\\Codespace\\\\de...', 1277)
#1 E:\\Codespace\\devapp.shipflow.co.uk\\vendor\\composer\\ClassLoader.php(576): include('E:\\\\Codespace\\\\de...')
#2 E:\\Codespace\\devapp.shipflow.co.uk\\vendor\\composer\\ClassLoader.php(427): Composer\\Autoload\\{closure}('E:\\\\Codespace\\\\de...')
#3 E:\\Codespace\\devapp.shipflow.co.uk\\vendor\\laravel\\framework\\src\\Illuminate\\Support\\helpers.php(109): Composer\\Autoload\\ClassLoader->loadClass('Illuminate\\\\Supp...')
#4 E:\\Codespace\\devapp.shipflow.co.uk\\vendor\\laravel\\framework\\src\\Illuminate\\Foundation\\PackageManifest.php(130): collect(Array)
#5 E:\\Codespace\\devapp.shipflow.co.uk\\vendor\\laravel\\framework\\src\\Illuminate\\Foundation\\PackageManifest.php(106): Illuminate\\Foundation\\PackageManifest->build()
#6 E:\\Codespace\\devapp.shipflow.co.uk\\vendor\\laravel\\framework\\src\\Illuminate\\Foundation\\PackageManifest.php(89): Illuminate\\Foundation\\PackageManifest->getManifest()
#7 E:\\Codespace\\devapp.shipflow.co.uk\\vendor\\laravel\\framework\\src\\Illuminate\\Foundation\\PackageManifest.php(78): Illuminate\\Foundation\\PackageManifest->config('aliases')
#8 E:\\Codespace\\devapp.shipflow.co.uk\\vendor\\laravel\\framework\\src\\Illuminate\\Foundation\\Bootstrap\\RegisterFacades.php(26): Illuminate\\Foundation\\PackageManifest->aliases()
#9 E:\\Codespace\\devapp.shipflow.co.uk\\vendor\\laravel\\framework\\src\\Illuminate\\Foundation\\Application.php(219): Illuminate\\Foundation\\Bootstrap\\RegisterFacades->bootstrap(Object(Illuminate\\Foundation\\Application))
#10 E:\\Codespace\\devapp.shipflow.co.uk\\vendor\\laravel\\framework\\src\\Illuminate\\Foundation\\Console\\Kernel.php(320): Illuminate\\Foundation\\Application->bootstrapWith(Array)
#11 E:\\Codespace\\devapp.shipflow.co.uk\\vendor\\laravel\\framework\\src\\Illuminate\\Foundation\\Console\\Kernel.php(129): Illuminate\\Foundation\\Console\\Kernel->bootstrap()
#12 E:\\Codespace\\devapp.shipflow.co.uk\\artisan(35): Illuminate\\Foundation\\Console\\Kernel->handle(Object(Symfony\\Component\\Console\\Input\\ArgvInput), Object(Symfony\\Component\\Console\\Output\\ConsoleOutput))
#13 {main} at E:\\Codespace\\devapp.shipflow.co.uk\\vendor\\laravel\\framework\\src\\Illuminate\\Support\\Collection.php:11)
[stacktrace]
#0 E:\\Codespace\\devapp.shipflow.co.uk\\vendor\\laravel\\framework\\src\\Illuminate\\Foundation\\Bootstrap\\HandleExceptions.php(147): Symfony\\Component\\Debug\\Exception\\FatalErrorException->__construct(message: ''During inherit...', code: '1', severity: '0', filename: ''E:\\\\\\\\Codespace\\\\...', lineno: '11', traceOffset: '0', traceArgs: '???', trace: '???', previous: '???')
#1 E:\\Codespace\\devapp.shipflow.co.uk\\vendor\\laravel\\framework\\src\\Illuminate\\Foundation\\Bootstrap\\HandleExceptions.php(134): Illuminate\\Foundation\\Bootstrap\\HandleExceptions->fatalExceptionFromError(error: '['type' => 1, '...', traceOffset: '0')
#2 E:\\Codespace\\devapp.shipflow.co.uk\\vendor\\laravel\\framework\\src\\Illuminate\\Foundation\\Bootstrap\\HandleExceptions.php(0): Illuminate\\Foundation\\Bootstrap\\HandleExceptions->handleShutdown()
#3 E:\\Codespace\\devapp.shipflow.co.uk\\vendor\\composer\\ClassLoader.php(576): ()
#4 E:\\Codespace\\devapp.shipflow.co.uk\\vendor\\composer\\ClassLoader.php(427): Composer\\Autoload\\{closure:E:\\Codespace\\devapp.shipflow.co.uk\\vendor\\composer\\ClassLoader.php:575-577}(file: ''E:\\\\\\\\Codespace\\\\...')
#5 E:\\Codespace\\devapp.shipflow.co.uk\\vendor\\laravel\\framework\\src\\Illuminate\\Support\\helpers.php(109): Composer\\Autoload\\ClassLoader->loadClass(class: ''Illuminate\\\\\\\\Su...')
#6 E:\\Codespace\\devapp.shipflow.co.uk\\vendor\\laravel\\framework\\src\\Illuminate\\Foundation\\PackageManifest.php(130): collect(value: '[0 => ['name' =...')
#7 E:\\Codespace\\devapp.shipflow.co.uk\\vendor\\laravel\\framework\\src\\Illuminate\\Foundation\\PackageManifest.php(106): Illuminate\\Foundation\\PackageManifest->build()
#8 E:\\Codespace\\devapp.shipflow.co.uk\\vendor\\laravel\\framework\\src\\Illuminate\\Foundation\\PackageManifest.php(89): Illuminate\\Foundation\\PackageManifest->getManifest()
#9 E:\\Codespace\\devapp.shipflow.co.uk\\vendor\\laravel\\framework\\src\\Illuminate\\Foundation\\PackageManifest.php(78): Illuminate\\Foundation\\PackageManifest->config(key: ''aliases'')
#10 E:\\Codespace\\devapp.shipflow.co.uk\\vendor\\laravel\\framework\\src\\Illuminate\\Foundation\\Bootstrap\\RegisterFacades.php(26): Illuminate\\Foundation\\PackageManifest->aliases()
#11 E:\\Codespace\\devapp.shipflow.co.uk\\vendor\\laravel\\framework\\src\\Illuminate\\Foundation\\Application.php(219): Illuminate\\Foundation\\Bootstrap\\RegisterFacades->bootstrap(app: 'class Illuminat...')
#12 E:\\Codespace\\devapp.shipflow.co.uk\\vendor\\laravel\\framework\\src\\Illuminate\\Foundation\\Console\\Kernel.php(320): Illuminate\\Foundation\\Application->bootstrapWith(bootstrappers: '[0 => 'Illumina...')
#13 E:\\Codespace\\devapp.shipflow.co.uk\\vendor\\laravel\\framework\\src\\Illuminate\\Foundation\\Console\\Kernel.php(129): App\\Console\\Kernel->bootstrap()
#14 E:\\Codespace\\devapp.shipflow.co.uk\\artisan(35): App\\Console\\Kernel->handle(input: 'class Symfony\\\\C...', output: 'class Symfony\\\\C...')
#15 E:\\Codespace\\devapp.shipflow.co.uk\\artisan(0): {main}()
#16 {main}
"} 
[2024-03-30 15:27:51] laravel.EMERGENCY: Unable to create configured logger. Using emergency logger. {"exception":"[object] (Error(code: 0): Class \"Illuminate\\Support\\Collection\" not found at E:\\Codespace\\devapp.shipflow.co.uk\\vendor\\laravel\\framework\\src\\Illuminate\\Support\\helpers.php:109)
[stacktrace]
#0 E:\\Codespace\\devapp.shipflow.co.uk\\vendor\\laravel\\framework\\src\\Illuminate\\Log\\LogManager.php(240): collect(Array)
#1 E:\\Codespace\\devapp.shipflow.co.uk\\vendor\\laravel\\framework\\src\\Illuminate\\Log\\LogManager.php(202): Illuminate\\Log\\LogManager->createStackDriver(Array)
#2 E:\\Codespace\\devapp.shipflow.co.uk\\vendor\\laravel\\framework\\src\\Illuminate\\Log\\LogManager.php(118): Illuminate\\Log\\LogManager->resolve('stack')
#3 E:\\Codespace\\devapp.shipflow.co.uk\\vendor\\laravel\\framework\\src\\Illuminate\\Log\\LogManager.php(98): Illuminate\\Log\\LogManager->get('stack')
#4 E:\\Codespace\\devapp.shipflow.co.uk\\vendor\\laravel\\framework\\src\\Illuminate\\Log\\LogManager.php(543): Illuminate\\Log\\LogManager->driver()
#5 E:\\Codespace\\devapp.shipflow.co.uk\\vendor\\laravel\\framework\\src\\Illuminate\\Foundation\\Exceptions\\Handler.php(119): Illuminate\\Log\\LogManager->error('During inherita...', Array)
#6 E:\\Codespace\\devapp.shipflow.co.uk\\app\\Exceptions\\Handler.php(37): Illuminate\\Foundation\\Exceptions\\Handler->report(Object(Symfony\\Component\\Debug\\Exception\\FatalErrorException))
#7 E:\\Codespace\\devapp.shipflow.co.uk\\vendor\\laravel\\framework\\src\\Illuminate\\Foundation\\Bootstrap\\HandleExceptions.php(92): App\\Exceptions\\Handler->report(Object(Symfony\\Component\\Debug\\Exception\\FatalErrorException))
#8 E:\\Codespace\\devapp.shipflow.co.uk\\vendor\\laravel\\framework\\src\\Illuminate\\Foundation\\Bootstrap\\HandleExceptions.php(134): Illuminate\\Foundation\\Bootstrap\\HandleExceptions->handleException(Object(Symfony\\Component\\Debug\\Exception\\FatalErrorException))
#9 [internal function]: Illuminate\\Foundation\\Bootstrap\\HandleExceptions->handleShutdown()
#10 {main}
"} 
[2024-03-30 15:27:51] laravel.ERROR: During inheritance of ArrayAccess: Uncaught ErrorException: Return type of Illuminate\Support\Collection::offsetExists($key) should either be compatible with ArrayAccess::offsetExists(mixed $offset): bool, or the #[\ReturnTypeWillChange] attribute should be used to temporarily suppress the notice in E:\Codespace\devapp.shipflow.co.uk\vendor\laravel\framework\src\Illuminate\Support\Collection.php:1277
Stack trace:
#0 E:\Codespace\devapp.shipflow.co.uk\vendor\laravel\framework\src\Illuminate\Support\Collection.php(11): Illuminate\Foundation\Bootstrap\HandleExceptions->handleError(8192, 'Return type of ...', 'E:\\Codespace\\de...', 1277)
#1 E:\Codespace\devapp.shipflow.co.uk\vendor\composer\ClassLoader.php(576): include('E:\\Codespace\\de...')
#2 E:\Codespace\devapp.shipflow.co.uk\vendor\composer\ClassLoader.php(427): Composer\Autoload\{closure}('E:\\Codespace\\de...')
#3 E:\Codespace\devapp.shipflow.co.uk\vendor\laravel\framework\src\Illuminate\Support\helpers.php(109): Composer\Autoload\ClassLoader->loadClass('Illuminate\\Supp...')
#4 E:\Codespace\devapp.shipflow.co.uk\vendor\laravel\framework\src\Illuminate\Foundation\PackageManifest.php(130): collect(Array)
#5 E:\Codespace\devapp.shipflow.co.uk\vendor\laravel\framework\src\Illuminate\Foundation\PackageManifest.php(106): Illuminate\Foundation\PackageManifest->build()
#6 E:\Codespace\devapp.shipflow.co.uk\vendor\laravel\framework\src\Illuminate\Foundation\PackageManifest.php(89): Illuminate\Foundation\PackageManifest->getManifest()
#7 E:\Codespace\devapp.shipflow.co.uk\vendor\laravel\framework\src\Illuminate\Foundation\PackageManifest.php(78): Illuminate\Foundation\PackageManifest->config('aliases')
#8 E:\Codespace\devapp.shipflow.co.uk\vendor\laravel\framework\src\Illuminate\Foundation\Bootstrap\RegisterFacades.php(26): Illuminate\Foundation\PackageManifest->aliases()
#9 E:\Codespace\devapp.shipflow.co.uk\vendor\laravel\framework\src\Illuminate\Foundation\Application.php(219): Illuminate\Foundation\Bootstrap\RegisterFacades->bootstrap(Object(Illuminate\Foundation\Application))
#10 E:\Codespace\devapp.shipflow.co.uk\vendor\laravel\framework\src\Illuminate\Foundation\Console\Kernel.php(320): Illuminate\Foundation\Application->bootstrapWith(Array)
#11 E:\Codespace\devapp.shipflow.co.uk\vendor\laravel\framework\src\Illuminate\Foundation\Console\Kernel.php(129): Illuminate\Foundation\Console\Kernel->bootstrap()
#12 E:\Codespace\devapp.shipflow.co.uk\artisan(35): Illuminate\Foundation\Console\Kernel->handle(Object(Symfony\Component\Console\Input\ArgvInput), Object(Symfony\Component\Console\Output\ConsoleOutput))
#13 {main} {"exception":"[object] (Symfony\\Component\\Debug\\Exception\\FatalErrorException(code: 1): During inheritance of ArrayAccess: Uncaught ErrorException: Return type of Illuminate\\Support\\Collection::offsetExists($key) should either be compatible with ArrayAccess::offsetExists(mixed $offset): bool, or the #[\\ReturnTypeWillChange] attribute should be used to temporarily suppress the notice in E:\\Codespace\\devapp.shipflow.co.uk\\vendor\\laravel\\framework\\src\\Illuminate\\Support\\Collection.php:1277
Stack trace:
#0 E:\\Codespace\\devapp.shipflow.co.uk\\vendor\\laravel\\framework\\src\\Illuminate\\Support\\Collection.php(11): Illuminate\\Foundation\\Bootstrap\\HandleExceptions->handleError(8192, 'Return type of ...', 'E:\\\\Codespace\\\\de...', 1277)
#1 E:\\Codespace\\devapp.shipflow.co.uk\\vendor\\composer\\ClassLoader.php(576): include('E:\\\\Codespace\\\\de...')
#2 E:\\Codespace\\devapp.shipflow.co.uk\\vendor\\composer\\ClassLoader.php(427): Composer\\Autoload\\{closure}('E:\\\\Codespace\\\\de...')
#3 E:\\Codespace\\devapp.shipflow.co.uk\\vendor\\laravel\\framework\\src\\Illuminate\\Support\\helpers.php(109): Composer\\Autoload\\ClassLoader->loadClass('Illuminate\\\\Supp...')
#4 E:\\Codespace\\devapp.shipflow.co.uk\\vendor\\laravel\\framework\\src\\Illuminate\\Foundation\\PackageManifest.php(130): collect(Array)
#5 E:\\Codespace\\devapp.shipflow.co.uk\\vendor\\laravel\\framework\\src\\Illuminate\\Foundation\\PackageManifest.php(106): Illuminate\\Foundation\\PackageManifest->build()
#6 E:\\Codespace\\devapp.shipflow.co.uk\\vendor\\laravel\\framework\\src\\Illuminate\\Foundation\\PackageManifest.php(89): Illuminate\\Foundation\\PackageManifest->getManifest()
#7 E:\\Codespace\\devapp.shipflow.co.uk\\vendor\\laravel\\framework\\src\\Illuminate\\Foundation\\PackageManifest.php(78): Illuminate\\Foundation\\PackageManifest->config('aliases')
#8 E:\\Codespace\\devapp.shipflow.co.uk\\vendor\\laravel\\framework\\src\\Illuminate\\Foundation\\Bootstrap\\RegisterFacades.php(26): Illuminate\\Foundation\\PackageManifest->aliases()
#9 E:\\Codespace\\devapp.shipflow.co.uk\\vendor\\laravel\\framework\\src\\Illuminate\\Foundation\\Application.php(219): Illuminate\\Foundation\\Bootstrap\\RegisterFacades->bootstrap(Object(Illuminate\\Foundation\\Application))
#10 E:\\Codespace\\devapp.shipflow.co.uk\\vendor\\laravel\\framework\\src\\Illuminate\\Foundation\\Console\\Kernel.php(320): Illuminate\\Foundation\\Application->bootstrapWith(Array)
#11 E:\\Codespace\\devapp.shipflow.co.uk\\vendor\\laravel\\framework\\src\\Illuminate\\Foundation\\Console\\Kernel.php(129): Illuminate\\Foundation\\Console\\Kernel->bootstrap()
#12 E:\\Codespace\\devapp.shipflow.co.uk\\artisan(35): Illuminate\\Foundation\\Console\\Kernel->handle(Object(Symfony\\Component\\Console\\Input\\ArgvInput), Object(Symfony\\Component\\Console\\Output\\ConsoleOutput))
#13 {main} at E:\\Codespace\\devapp.shipflow.co.uk\\vendor\\laravel\\framework\\src\\Illuminate\\Support\\Collection.php:11)
[stacktrace]
#0 E:\\Codespace\\devapp.shipflow.co.uk\\vendor\\laravel\\framework\\src\\Illuminate\\Foundation\\Bootstrap\\HandleExceptions.php(147): Symfony\\Component\\Debug\\Exception\\FatalErrorException->__construct(message: ''During inherit...', code: '1', severity: '0', filename: ''E:\\\\\\\\Codespace\\\\...', lineno: '11', traceOffset: '0', traceArgs: '???', trace: '???', previous: '???')
#1 E:\\Codespace\\devapp.shipflow.co.uk\\vendor\\laravel\\framework\\src\\Illuminate\\Foundation\\Bootstrap\\HandleExceptions.php(134): Illuminate\\Foundation\\Bootstrap\\HandleExceptions->fatalExceptionFromError(error: '['type' => 1, '...', traceOffset: '0')
#2 E:\\Codespace\\devapp.shipflow.co.uk\\vendor\\laravel\\framework\\src\\Illuminate\\Foundation\\Bootstrap\\HandleExceptions.php(0): Illuminate\\Foundation\\Bootstrap\\HandleExceptions->handleShutdown()
#3 E:\\Codespace\\devapp.shipflow.co.uk\\vendor\\composer\\ClassLoader.php(576): ()
#4 E:\\Codespace\\devapp.shipflow.co.uk\\vendor\\composer\\ClassLoader.php(427): Composer\\Autoload\\{closure:E:\\Codespace\\devapp.shipflow.co.uk\\vendor\\composer\\ClassLoader.php:575-577}(file: ''E:\\\\\\\\Codespace\\\\...')
#5 E:\\Codespace\\devapp.shipflow.co.uk\\vendor\\laravel\\framework\\src\\Illuminate\\Support\\helpers.php(109): Composer\\Autoload\\ClassLoader->loadClass(class: ''Illuminate\\\\\\\\Su...')
#6 E:\\Codespace\\devapp.shipflow.co.uk\\vendor\\laravel\\framework\\src\\Illuminate\\Foundation\\PackageManifest.php(130): collect(value: '[0 => ['name' =...')
#7 E:\\Codespace\\devapp.shipflow.co.uk\\vendor\\laravel\\framework\\src\\Illuminate\\Foundation\\PackageManifest.php(106): Illuminate\\Foundation\\PackageManifest->build()
#8 E:\\Codespace\\devapp.shipflow.co.uk\\vendor\\laravel\\framework\\src\\Illuminate\\Foundation\\PackageManifest.php(89): Illuminate\\Foundation\\PackageManifest->getManifest()
#9 E:\\Codespace\\devapp.shipflow.co.uk\\vendor\\laravel\\framework\\src\\Illuminate\\Foundation\\PackageManifest.php(78): Illuminate\\Foundation\\PackageManifest->config(key: ''aliases'')
#10 E:\\Codespace\\devapp.shipflow.co.uk\\vendor\\laravel\\framework\\src\\Illuminate\\Foundation\\Bootstrap\\RegisterFacades.php(26): Illuminate\\Foundation\\PackageManifest->aliases()
#11 E:\\Codespace\\devapp.shipflow.co.uk\\vendor\\laravel\\framework\\src\\Illuminate\\Foundation\\Application.php(219): Illuminate\\Foundation\\Bootstrap\\RegisterFacades->bootstrap(app: 'class Illuminat...')
#12 E:\\Codespace\\devapp.shipflow.co.uk\\vendor\\laravel\\framework\\src\\Illuminate\\Foundation\\Console\\Kernel.php(320): Illuminate\\Foundation\\Application->bootstrapWith(bootstrappers: '[0 => 'Illumina...')
#13 E:\\Codespace\\devapp.shipflow.co.uk\\vendor\\laravel\\framework\\src\\Illuminate\\Foundation\\Console\\Kernel.php(129): App\\Console\\Kernel->bootstrap()
#14 E:\\Codespace\\devapp.shipflow.co.uk\\artisan(35): App\\Console\\Kernel->handle(input: 'class Symfony\\\\C...', output: 'class Symfony\\\\C...')
#15 E:\\Codespace\\devapp.shipflow.co.uk\\artisan(0): {main}()
#16 {main}
"} 
